<?xml version="1.0" encoding="UTF-8"?>
<testng-results ignored="0" total="13" passed="12" failed="1" skipped="0">
  <reporter-output>
  </reporter-output>
  <suite started-at="2022-05-24T12:15:39 IST" name="Suite" finished-at="2022-05-24T12:17:20 IST" duration-ms="100760">
    <groups>
      <group name="Regression">
        <method signature="CognizantAppsAndTools.captureAppsAndToolsTest()[pri:3, instance:com.Cognizant.TestScenarios.CognizantAppsAndTools@3b6ddd1d]" name="captureAppsAndToolsTest" class="com.Cognizant.TestScenarios.CognizantAppsAndTools"/>
        <method signature="CognizantAppsAndTools.captureScreenTest()[pri:1, instance:com.Cognizant.TestScenarios.CognizantAppsAndTools@3b6ddd1d]" name="captureScreenTest" class="com.Cognizant.TestScenarios.CognizantAppsAndTools"/>
        <method signature="CognizantAppsAndTools.getAppsAndToolsTest(java.lang.String)[pri:2, instance:com.Cognizant.TestScenarios.CognizantAppsAndTools@3b6ddd1d]" name="getAppsAndToolsTest" class="com.Cognizant.TestScenarios.CognizantAppsAndTools"/>
        <method signature="CognizantAppsAndTools.setWindowTest()[pri:0, instance:com.Cognizant.TestScenarios.CognizantAppsAndTools@3b6ddd1d]" name="setWindowTest" class="com.Cognizant.TestScenarios.CognizantAppsAndTools"/>
      </group> <!-- Regression -->
      <group name="BaseMethods">
        <method signature="LoginCognizant.approvalTest()[pri:2, instance:com.Cognizant.TestScenarios.LoginCognizant@7fee8714]" name="approvalTest" class="com.Cognizant.TestScenarios.LoginCognizant"/>
        <method signature="LoginCognizant.setPasswordTest()[pri:1, instance:com.Cognizant.TestScenarios.LoginCognizant@7fee8714]" name="setPasswordTest" class="com.Cognizant.TestScenarios.LoginCognizant"/>
        <method signature="LoginCognizant.setUserIdTest()[pri:0, instance:com.Cognizant.TestScenarios.LoginCognizant@7fee8714]" name="setUserIdTest" class="com.Cognizant.TestScenarios.LoginCognizant"/>
      </group> <!-- BaseMethods -->
      <group name="Smoke">
        <method signature="CognizantStockPriceDetails.captureNewWindowScreenTest()[pri:4, instance:com.Cognizant.TestScenarios.CognizantStockPriceDetails@6283d8b8]" name="captureNewWindowScreenTest" class="com.Cognizant.TestScenarios.CognizantStockPriceDetails"/>
        <method signature="CognizantStockPriceDetails.captureScreenTest()[pri:1, instance:com.Cognizant.TestScenarios.CognizantStockPriceDetails@6283d8b8]" name="captureScreenTest" class="com.Cognizant.TestScenarios.CognizantStockPriceDetails"/>
        <method signature="CognizantStockPriceDetails.compareStockPriceTest()[pri:5, instance:com.Cognizant.TestScenarios.CognizantStockPriceDetails@6283d8b8]" name="compareStockPriceTest" class="com.Cognizant.TestScenarios.CognizantStockPriceDetails"/>
        <method signature="CognizantStockPriceDetails.getCognizantStockPriceTest()[pri:2, instance:com.Cognizant.TestScenarios.CognizantStockPriceDetails@6283d8b8]" name="getCognizantStockPriceTest" class="com.Cognizant.TestScenarios.CognizantStockPriceDetails"/>
        <method signature="CognizantStockPriceDetails.getGoogleStockPriceTest()[pri:3, instance:com.Cognizant.TestScenarios.CognizantStockPriceDetails@6283d8b8]" name="getGoogleStockPriceTest" class="com.Cognizant.TestScenarios.CognizantStockPriceDetails"/>
        <method signature="CognizantStockPriceDetails.getUserInfoTest()[pri:0, instance:com.Cognizant.TestScenarios.CognizantStockPriceDetails@6283d8b8]" name="getUserInfoTest" class="com.Cognizant.TestScenarios.CognizantStockPriceDetails"/>
      </group> <!-- Smoke -->
    </groups>
    <test started-at="2022-05-24T12:15:39 IST" name="Test" finished-at="2022-05-24T12:17:20 IST" duration-ms="100760">
      <class name="com.Cognizant.TestScenarios.LoginCognizant">
        <test-method is-config="true" signature="beforeClass()[pri:0, instance:com.Cognizant.TestScenarios.LoginCognizant@7fee8714]" started-at="2022-05-24T12:15:39 IST" name="beforeClass" finished-at="2022-05-24T12:15:47 IST" duration-ms="7774" status="PASS">
          <reporter-output>
          </reporter-output>
        </test-method> <!-- beforeClass -->
        <test-method signature="setUserIdTest()[pri:0, instance:com.Cognizant.TestScenarios.LoginCognizant@7fee8714]" started-at="2022-05-24T12:15:47 IST" name="setUserIdTest" finished-at="2022-05-24T12:15:53 IST" duration-ms="6434" status="PASS">
          <reporter-output>
          </reporter-output>
        </test-method> <!-- setUserIdTest -->
        <test-method signature="setPasswordTest()[pri:1, instance:com.Cognizant.TestScenarios.LoginCognizant@7fee8714]" started-at="2022-05-24T12:15:53 IST" name="setPasswordTest" finished-at="2022-05-24T12:15:59 IST" duration-ms="5135" status="PASS">
          <reporter-output>
          </reporter-output>
        </test-method> <!-- setPasswordTest -->
        <test-method signature="approvalTest()[pri:2, instance:com.Cognizant.TestScenarios.LoginCognizant@7fee8714]" started-at="2022-05-24T12:15:59 IST" name="approvalTest" finished-at="2022-05-24T12:16:34 IST" duration-ms="35967" status="FAIL">
          <exception class="org.openqa.selenium.WebDriverException">
            <message>
              <![CDATA[target frame detached
  (Session info: chrome=101.0.4951.67)
Build info: version: '3.141.59', revision: 'e82be7d358', time: '2018-11-14T08:17:03'
System info: host: 'LAPTOP-MNVU3AS8', ip: '169.254.118.121', os.name: 'Windows 10', os.arch: 'amd64', os.version: '10.0', java.version: '17.0.2'
Driver info: org.openqa.selenium.chrome.ChromeDriver
Capabilities {acceptInsecureCerts: false, browserName: chrome, browserVersion: 101.0.4951.67, chrome: {chromedriverVersion: 101.0.4951.41 (93c720db8323..., userDataDir: C:\Users\PAVANK~1\AppData\L...}, goog:chromeOptions: {debuggerAddress: localhost:63558}, javascriptEnabled: true, networkConnectionEnabled: false, pageLoadStrategy: normal, platform: WINDOWS, platformName: WINDOWS, proxy: Proxy(), setWindowRect: true, strictFileInteractability: false, timeouts: {implicit: 0, pageLoad: 300000, script: 30000}, unhandledPromptBehavior: dismiss and notify, webauthn:extension:credBlob: true, webauthn:extension:largeBlob: true, webauthn:virtualAuthenticators: true}
Session ID: 3e5eea5d18d109526fa2e5e075944d93]]>
            </message>
            <full-stacktrace>
              <![CDATA[org.openqa.selenium.WebDriverException: target frame detached
  (Session info: chrome=101.0.4951.67)
Build info: version: '3.141.59', revision: 'e82be7d358', time: '2018-11-14T08:17:03'
System info: host: 'LAPTOP-MNVU3AS8', ip: '169.254.118.121', os.name: 'Windows 10', os.arch: 'amd64', os.version: '10.0', java.version: '17.0.2'
Driver info: org.openqa.selenium.chrome.ChromeDriver
Capabilities {acceptInsecureCerts: false, browserName: chrome, browserVersion: 101.0.4951.67, chrome: {chromedriverVersion: 101.0.4951.41 (93c720db8323..., userDataDir: C:\Users\PAVANK~1\AppData\L...}, goog:chromeOptions: {debuggerAddress: localhost:63558}, javascriptEnabled: true, networkConnectionEnabled: false, pageLoadStrategy: normal, platform: WINDOWS, platformName: WINDOWS, proxy: Proxy(), setWindowRect: true, strictFileInteractability: false, timeouts: {implicit: 0, pageLoad: 300000, script: 30000}, unhandledPromptBehavior: dismiss and notify, webauthn:extension:credBlob: true, webauthn:extension:largeBlob: true, webauthn:virtualAuthenticators: true}
Session ID: 3e5eea5d18d109526fa2e5e075944d93
at java.base/jdk.internal.reflect.NativeConstructorAccessorImpl.newInstance0(Native Method)
at java.base/jdk.internal.reflect.NativeConstructorAccessorImpl.newInstance(NativeConstructorAccessorImpl.java:77)
at java.base/jdk.internal.reflect.DelegatingConstructorAccessorImpl.newInstance(DelegatingConstructorAccessorImpl.java:45)
at java.base/java.lang.reflect.Constructor.newInstanceWithCaller(Constructor.java:499)
at java.base/java.lang.reflect.Constructor.newInstance(Constructor.java:480)
at org.openqa.selenium.remote.http.W3CHttpResponseCodec.createException(W3CHttpResponseCodec.java:187)
at org.openqa.selenium.remote.http.W3CHttpResponseCodec.decode(W3CHttpResponseCodec.java:122)
at org.openqa.selenium.remote.http.W3CHttpResponseCodec.decode(W3CHttpResponseCodec.java:49)
at org.openqa.selenium.remote.HttpCommandExecutor.execute(HttpCommandExecutor.java:158)
at org.openqa.selenium.remote.service.DriverCommandExecutor.execute(DriverCommandExecutor.java:83)
at org.openqa.selenium.remote.RemoteWebDriver.execute(RemoteWebDriver.java:552)
at org.openqa.selenium.remote.RemoteWebElement.execute(RemoteWebElement.java:285)
at org.openqa.selenium.remote.RemoteWebElement.click(RemoteWebElement.java:84)
at com.Cognizant.Pages.CognizantLoginPage.verifyId(CognizantLoginPage.java:92)
at com.Cognizant.TestScenarios.LoginCognizant.approvalTest(LoginCognizant.java:54)
at java.base/jdk.internal.reflect.NativeMethodAccessorImpl.invoke0(Native Method)
at java.base/jdk.internal.reflect.NativeMethodAccessorImpl.invoke(NativeMethodAccessorImpl.java:77)
at java.base/jdk.internal.reflect.DelegatingMethodAccessorImpl.invoke(DelegatingMethodAccessorImpl.java:43)
at java.base/java.lang.reflect.Method.invoke(Method.java:568)
at org.testng.internal.MethodInvocationHelper.invokeMethod(MethodInvocationHelper.java:133)
at org.testng.internal.TestInvoker.invokeMethod(TestInvoker.java:598)
at org.testng.internal.TestInvoker.invokeTestMethod(TestInvoker.java:173)
at org.testng.internal.MethodRunner.runInSequence(MethodRunner.java:46)
at org.testng.internal.TestInvoker$MethodInvocationAgent.invoke(TestInvoker.java:824)
at org.testng.internal.TestInvoker.invokeTestMethods(TestInvoker.java:146)
at org.testng.internal.TestMethodWorker.invokeTestMethods(TestMethodWorker.java:146)
at org.testng.internal.TestMethodWorker.run(TestMethodWorker.java:128)
at java.base/java.util.ArrayList.forEach(ArrayList.java:1511)
at org.testng.TestRunner.privateRun(TestRunner.java:794)
at org.testng.TestRunner.run(TestRunner.java:596)
at org.testng.SuiteRunner.runTest(SuiteRunner.java:377)
at org.testng.SuiteRunner.runSequentially(SuiteRunner.java:371)
at org.testng.SuiteRunner.privateRun(SuiteRunner.java:332)
at org.testng.SuiteRunner.run(SuiteRunner.java:276)
at org.testng.SuiteRunnerWorker.runSuite(SuiteRunnerWorker.java:53)
at org.testng.SuiteRunnerWorker.run(SuiteRunnerWorker.java:96)
at org.testng.TestNG.runSuitesSequentially(TestNG.java:1212)
at org.testng.TestNG.runSuitesLocally(TestNG.java:1134)
at org.testng.TestNG.runSuites(TestNG.java:1063)
at org.testng.TestNG.run(TestNG.java:1031)
at org.testng.remote.AbstractRemoteTestNG.run(AbstractRemoteTestNG.java:115)
at org.testng.remote.RemoteTestNG.initAndRun(RemoteTestNG.java:251)
at org.testng.remote.RemoteTestNG.main(RemoteTestNG.java:77)
]]>
            </full-stacktrace>
          </exception> <!-- org.openqa.selenium.WebDriverException -->
          <reporter-output>
          </reporter-output>
        </test-method> <!-- approvalTest -->
      </class> <!-- com.Cognizant.TestScenarios.LoginCognizant -->
      <class name="com.Cognizant.TestScenarios.CognizantStockPriceDetails">
        <test-method signature="getUserInfoTest()[pri:0, instance:com.Cognizant.TestScenarios.CognizantStockPriceDetails@6283d8b8]" started-at="2022-05-24T12:16:35 IST" name="getUserInfoTest" finished-at="2022-05-24T12:16:36 IST" duration-ms="1206" status="PASS">
          <reporter-output>
          </reporter-output>
        </test-method> <!-- getUserInfoTest -->
        <test-method signature="captureScreenTest()[pri:1, instance:com.Cognizant.TestScenarios.CognizantStockPriceDetails@6283d8b8]" started-at="2022-05-24T12:16:36 IST" name="captureScreenTest" finished-at="2022-05-24T12:16:39 IST" duration-ms="2790" status="PASS">
          <reporter-output>
          </reporter-output>
        </test-method> <!-- captureScreenTest -->
        <test-method signature="getCognizantStockPriceTest()[pri:2, instance:com.Cognizant.TestScenarios.CognizantStockPriceDetails@6283d8b8]" started-at="2022-05-24T12:16:39 IST" name="getCognizantStockPriceTest" finished-at="2022-05-24T12:16:39 IST" duration-ms="48" status="PASS">
          <reporter-output>
          </reporter-output>
        </test-method> <!-- getCognizantStockPriceTest -->
        <test-method signature="getGoogleStockPriceTest()[pri:3, instance:com.Cognizant.TestScenarios.CognizantStockPriceDetails@6283d8b8]" started-at="2022-05-24T12:16:39 IST" name="getGoogleStockPriceTest" finished-at="2022-05-24T12:16:48 IST" duration-ms="9584" status="PASS">
          <reporter-output>
          </reporter-output>
        </test-method> <!-- getGoogleStockPriceTest -->
        <test-method signature="captureNewWindowScreenTest()[pri:4, instance:com.Cognizant.TestScenarios.CognizantStockPriceDetails@6283d8b8]" started-at="2022-05-24T12:16:48 IST" name="captureNewWindowScreenTest" finished-at="2022-05-24T12:16:50 IST" duration-ms="2358" status="PASS">
          <reporter-output>
          </reporter-output>
        </test-method> <!-- captureNewWindowScreenTest -->
        <test-method signature="compareStockPriceTest()[pri:5, instance:com.Cognizant.TestScenarios.CognizantStockPriceDetails@6283d8b8]" started-at="2022-05-24T12:16:51 IST" name="compareStockPriceTest" finished-at="2022-05-24T12:16:51 IST" duration-ms="28" status="PASS">
          <reporter-output>
          </reporter-output>
        </test-method> <!-- compareStockPriceTest -->
      </class> <!-- com.Cognizant.TestScenarios.CognizantStockPriceDetails -->
      <class name="com.Cognizant.TestScenarios.CognizantAppsAndTools">
        <test-method signature="setWindowTest()[pri:0, instance:com.Cognizant.TestScenarios.CognizantAppsAndTools@3b6ddd1d]" started-at="2022-05-24T12:16:51 IST" name="setWindowTest" finished-at="2022-05-24T12:16:51 IST" duration-ms="720" status="PASS">
          <reporter-output>
          </reporter-output>
        </test-method> <!-- setWindowTest -->
        <test-method signature="captureScreenTest()[pri:1, instance:com.Cognizant.TestScenarios.CognizantAppsAndTools@3b6ddd1d]" started-at="2022-05-24T12:16:51 IST" name="captureScreenTest" finished-at="2022-05-24T12:16:54 IST" duration-ms="2335" status="PASS">
          <reporter-output>
          </reporter-output>
        </test-method> <!-- captureScreenTest -->
        <test-method signature="getAppsAndToolsTest(java.lang.String)[pri:2, instance:com.Cognizant.TestScenarios.CognizantAppsAndTools@3b6ddd1d]" started-at="2022-05-24T12:16:56 IST" name="getAppsAndToolsTest" data-provider="dp" finished-at="2022-05-24T12:17:17 IST" duration-ms="20551" status="PASS">
          <params>
            <param index="0">
              <value>
                <![CDATA[company apps]]>
              </value>
            </param>
          </params>
          <reporter-output>
          </reporter-output>
        </test-method> <!-- getAppsAndToolsTest -->
        <test-method signature="captureAppsAndToolsTest()[pri:3, instance:com.Cognizant.TestScenarios.CognizantAppsAndTools@3b6ddd1d]" started-at="2022-05-24T12:17:17 IST" name="captureAppsAndToolsTest" finished-at="2022-05-24T12:17:19 IST" duration-ms="2347" status="PASS">
          <reporter-output>
          </reporter-output>
        </test-method> <!-- captureAppsAndToolsTest -->
        <test-method is-config="true" signature="afterClass()[pri:0, instance:com.Cognizant.TestScenarios.CognizantAppsAndTools@3b6ddd1d]" started-at="2022-05-24T12:17:19 IST" name="afterClass" finished-at="2022-05-24T12:17:20 IST" duration-ms="852" status="PASS">
          <reporter-output>
          </reporter-output>
        </test-method> <!-- afterClass -->
      </class> <!-- com.Cognizant.TestScenarios.CognizantAppsAndTools -->
    </test> <!-- Test -->
  </suite> <!-- Suite -->
</testng-results>
